/*C12*/SET SCHEMA PUBLIC
drop table if exists person CASCADE 
drop table if exists tgroup CASCADE 
drop table if exists user CASCADE 
drop table if exists user_roles CASCADE 
drop sequence hibernate_sequence if exists
create sequence hibernate_sequence start with 1 increment by 1
create table person (id bigint not null, birth_day timestamp not null, email varchar(50) not null, first_name varchar(20) not null, last_name varchar(20) not null, password varchar(20) not null, website varchar(200), own_group bigint not null, primary key (id))
create table tgroup (id bigint not null, name varchar(200) not null, primary key (id))
create table user (user_name varchar(255) not null, password varchar(255), primary key (user_name))
create table user_roles (user_user_name varchar(255) not null, roles varchar(255))
alter table person add constraint UK_fwmwi44u55bo4rvwsv0cln012 unique (email)
alter table person add constraint FKhiplqdhupru5r1f84l6xyyuh2 foreign key (own_group) references tgroup
alter table user_roles add constraint FKrdotvu84u5ncgvr22i2mbyoga foreign key (user_user_name) references user
INSERT INTO TGROUP VALUES(1,'North Dakota horses')
ALTER SEQUENCE PUBLIC.HIBERNATE_SEQUENCE RESTART WITH 2
COMMIT
INSERT INTO TGROUP VALUES(2,'Alabama zebras')
ALTER SEQUENCE PUBLIC.HIBERNATE_SEQUENCE RESTART WITH 3
COMMIT
INSERT INTO TGROUP VALUES(3,'Wisconsin dogs')
ALTER SEQUENCE PUBLIC.HIBERNATE_SEQUENCE RESTART WITH 4
COMMIT
INSERT INTO TGROUP VALUES(4,'Nebraska elves')
ALTER SEQUENCE PUBLIC.HIBERNATE_SEQUENCE RESTART WITH 5
COMMIT
INSERT INTO TGROUP VALUES(5,'Tennessee rabbits')
ALTER SEQUENCE PUBLIC.HIBERNATE_SEQUENCE RESTART WITH 6
COMMIT
INSERT INTO TGROUP VALUES(6,'California crows')
ALTER SEQUENCE PUBLIC.HIBERNATE_SEQUENCE RESTART WITH 7
COMMIT
INSERT INTO TGROUP VALUES(7,'Iowa sorcerors')
ALTER SEQUENCE PUBLIC.HIBERNATE_SEQUENCE RESTART WITH 8
COMMIT
INSERT INTO TGROUP VALUES(8,'Illinois conspirators')
ALTER SEQUENCE PUBLIC.HIBERNATE_SEQUENCE RESTART WITH 9
COMMIT
INSERT INTO TGROUP VALUES(9,'Colorado sons')
ALTER SEQUENCE PUBLIC.HIBERNATE_SEQUENCE RESTART WITH 10
COMMIT
INSERT INTO TGROUP VALUES(10,'Colorado elephants')
ALTER SEQUENCE PUBLIC.HIBERNATE_SEQUENCE RESTART WITH 11
COMMIT
INSERT INTO TGROUP VALUES(11,'Colorado dolphins')
ALTER SEQUENCE PUBLIC.HIBERNATE_SEQUENCE RESTART WITH 12
COMMIT
INSERT INTO TGROUP VALUES(12,'Connecticut druids')
ALTER SEQUENCE PUBLIC.HIBERNATE_SEQUENCE RESTART WITH 13
COMMIT
INSERT INTO TGROUP VALUES(13,'Wisconsin dolphins')
ALTER SEQUENCE PUBLIC.HIBERNATE_SEQUENCE RESTART WITH 14
COMMIT
INSERT INTO TGROUP VALUES(14,'West Virginia sons')
ALTER SEQUENCE PUBLIC.HIBERNATE_SEQUENCE RESTART WITH 15
COMMIT
INSERT INTO TGROUP VALUES(15,'New Hampshire geese')
ALTER SEQUENCE PUBLIC.HIBERNATE_SEQUENCE RESTART WITH 16
COMMIT
INSERT INTO TGROUP VALUES(16,'Utah spirits')
ALTER SEQUENCE PUBLIC.HIBERNATE_SEQUENCE RESTART WITH 17
COMMIT
INSERT INTO TGROUP VALUES(17,'North Dakota gooses')
ALTER SEQUENCE PUBLIC.HIBERNATE_SEQUENCE RESTART WITH 18
COMMIT
INSERT INTO TGROUP VALUES(18,'Alaska gooses')
ALTER SEQUENCE PUBLIC.HIBERNATE_SEQUENCE RESTART WITH 19
COMMIT
INSERT INTO TGROUP VALUES(19,'Nevada frogs')
ALTER SEQUENCE PUBLIC.HIBERNATE_SEQUENCE RESTART WITH 20
COMMIT
INSERT INTO TGROUP VALUES(20,'North Dakota owls')
ALTER SEQUENCE PUBLIC.HIBERNATE_SEQUENCE RESTART WITH 21
COMMIT
INSERT INTO TGROUP VALUES(21,'Arizona goats')
ALTER SEQUENCE PUBLIC.HIBERNATE_SEQUENCE RESTART WITH 22
COMMIT
INSERT INTO TGROUP VALUES(22,'Arizona lycanthropes')
ALTER SEQUENCE PUBLIC.HIBERNATE_SEQUENCE RESTART WITH 23
COMMIT
INSERT INTO TGROUP VALUES(23,'Arizona witches')
ALTER SEQUENCE PUBLIC.HIBERNATE_SEQUENCE RESTART WITH 24
COMMIT
INSERT INTO TGROUP VALUES(24,'Delaware zebras')
ALTER SEQUENCE PUBLIC.HIBERNATE_SEQUENCE RESTART WITH 25
COMMIT
INSERT INTO TGROUP VALUES(25,'Georgia prophets')
ALTER SEQUENCE PUBLIC.HIBERNATE_SEQUENCE RESTART WITH 26
COMMIT
INSERT INTO TGROUP VALUES(26,'South Carolina frogs')
ALTER SEQUENCE PUBLIC.HIBERNATE_SEQUENCE RESTART WITH 27
COMMIT
INSERT INTO TGROUP VALUES(27,'Colorado crows')
ALTER SEQUENCE PUBLIC.HIBERNATE_SEQUENCE RESTART WITH 28
COMMIT
INSERT INTO TGROUP VALUES(28,'Hawaii black cats')
ALTER SEQUENCE PUBLIC.HIBERNATE_SEQUENCE RESTART WITH 29
COMMIT
INSERT INTO TGROUP VALUES(29,'New Mexico kangaroos')
ALTER SEQUENCE PUBLIC.HIBERNATE_SEQUENCE RESTART WITH 30
COMMIT
INSERT INTO TGROUP VALUES(30,'Colorado enchanters')
ALTER SEQUENCE PUBLIC.HIBERNATE_SEQUENCE RESTART WITH 31
COMMIT
INSERT INTO TGROUP VALUES(31,'New Hampshire werewolves')
ALTER SEQUENCE PUBLIC.HIBERNATE_SEQUENCE RESTART WITH 32
COMMIT
INSERT INTO TGROUP VALUES(32,'Pennsylvania dogs')
ALTER SEQUENCE PUBLIC.HIBERNATE_SEQUENCE RESTART WITH 33
COMMIT
INSERT INTO TGROUP VALUES(33,'Montana whales')
ALTER SEQUENCE PUBLIC.HIBERNATE_SEQUENCE RESTART WITH 34
COMMIT
INSERT INTO TGROUP VALUES(34,'Oklahoma wolves')
ALTER SEQUENCE PUBLIC.HIBERNATE_SEQUENCE RESTART WITH 35
COMMIT
INSERT INTO TGROUP VALUES(35,'Missouri dragons')
ALTER SEQUENCE PUBLIC.HIBERNATE_SEQUENCE RESTART WITH 36
COMMIT
INSERT INTO TGROUP VALUES(36,'Texas enchanters')
ALTER SEQUENCE PUBLIC.HIBERNATE_SEQUENCE RESTART WITH 37
COMMIT
INSERT INTO TGROUP VALUES(37,'Missouri lions')
ALTER SEQUENCE PUBLIC.HIBERNATE_SEQUENCE RESTART WITH 38
COMMIT
INSERT INTO TGROUP VALUES(38,'Tennessee giants')
ALTER SEQUENCE PUBLIC.HIBERNATE_SEQUENCE RESTART WITH 39
COMMIT
INSERT INTO TGROUP VALUES(39,'South Carolina pigs')
ALTER SEQUENCE PUBLIC.HIBERNATE_SEQUENCE RESTART WITH 40
COMMIT
INSERT INTO TGROUP VALUES(40,'New Hampshire dogs')
ALTER SEQUENCE PUBLIC.HIBERNATE_SEQUENCE RESTART WITH 41
COMMIT
INSERT INTO TGROUP VALUES(41,'Arkansas black cats')
ALTER SEQUENCE PUBLIC.HIBERNATE_SEQUENCE RESTART WITH 42
COMMIT
INSERT INTO TGROUP VALUES(42,'California black cats')
ALTER SEQUENCE PUBLIC.HIBERNATE_SEQUENCE RESTART WITH 43
COMMIT
INSERT INTO TGROUP VALUES(43,'Connecticut ogres')
ALTER SEQUENCE PUBLIC.HIBERNATE_SEQUENCE RESTART WITH 44
COMMIT
INSERT INTO TGROUP VALUES(44,'California exorcists')
ALTER SEQUENCE PUBLIC.HIBERNATE_SEQUENCE RESTART WITH 45
COMMIT
INSERT INTO TGROUP VALUES(45,'Oklahoma ducks')
ALTER SEQUENCE PUBLIC.HIBERNATE_SEQUENCE RESTART WITH 46
COMMIT
INSERT INTO TGROUP VALUES(46,'Idaho spirits')
ALTER SEQUENCE PUBLIC.HIBERNATE_SEQUENCE RESTART WITH 47
COMMIT
INSERT INTO TGROUP VALUES(47,'Rhode Island chickens')
ALTER SEQUENCE PUBLIC.HIBERNATE_SEQUENCE RESTART WITH 48
COMMIT
INSERT INTO TGROUP VALUES(48,'West Virginia ants')
ALTER SEQUENCE PUBLIC.HIBERNATE_SEQUENCE RESTART WITH 49
COMMIT
INSERT INTO TGROUP VALUES(49,'Oregon dogs')
ALTER SEQUENCE PUBLIC.HIBERNATE_SEQUENCE RESTART WITH 50
COMMIT
INSERT INTO TGROUP VALUES(50,'Idaho whales')
ALTER SEQUENCE PUBLIC.HIBERNATE_SEQUENCE RESTART WITH 51
COMMIT
INSERT INTO TGROUP VALUES(51,'Georgia elves')
ALTER SEQUENCE PUBLIC.HIBERNATE_SEQUENCE RESTART WITH 52
COMMIT
INSERT INTO TGROUP VALUES(52,'Utah ogres')
ALTER SEQUENCE PUBLIC.HIBERNATE_SEQUENCE RESTART WITH 53
COMMIT
INSERT INTO TGROUP VALUES(53,'New Hampshire kangaroos')
ALTER SEQUENCE PUBLIC.HIBERNATE_SEQUENCE RESTART WITH 54
COMMIT
INSERT INTO TGROUP VALUES(54,'New Mexico worshipers')
ALTER SEQUENCE PUBLIC.HIBERNATE_SEQUENCE RESTART WITH 55
COMMIT
INSERT INTO TGROUP VALUES(55,'New Mexico banshees')
ALTER SEQUENCE PUBLIC.HIBERNATE_SEQUENCE RESTART WITH 56
COMMIT
INSERT INTO TGROUP VALUES(56,'Minnesota foxes')
ALTER SEQUENCE PUBLIC.HIBERNATE_SEQUENCE RESTART WITH 57
COMMIT
INSERT INTO TGROUP VALUES(57,'Arkansas griffins')
ALTER SEQUENCE PUBLIC.HIBERNATE_SEQUENCE RESTART WITH 58
COMMIT
INSERT INTO TGROUP VALUES(58,'Hawaii kangaroos')
ALTER SEQUENCE PUBLIC.HIBERNATE_SEQUENCE RESTART WITH 59
COMMIT
INSERT INTO TGROUP VALUES(59,'Illinois witches')
ALTER SEQUENCE PUBLIC.HIBERNATE_SEQUENCE RESTART WITH 60
COMMIT
INSERT INTO TGROUP VALUES(60,'Montana gooses')
ALTER SEQUENCE PUBLIC.HIBERNATE_SEQUENCE RESTART WITH 61
COMMIT
INSERT INTO TGROUP VALUES(61,'Wyoming bats')
ALTER SEQUENCE PUBLIC.HIBERNATE_SEQUENCE RESTART WITH 62
COMMIT
INSERT INTO TGROUP VALUES(62,'New Jersey tigers')
ALTER SEQUENCE PUBLIC.HIBERNATE_SEQUENCE RESTART WITH 63
COMMIT
INSERT INTO TGROUP VALUES(63,'Colorado chickens')
ALTER SEQUENCE PUBLIC.HIBERNATE_SEQUENCE RESTART WITH 64
COMMIT
INSERT INTO TGROUP VALUES(64,'Colorado conspirators')
ALTER SEQUENCE PUBLIC.HIBERNATE_SEQUENCE RESTART WITH 65
COMMIT
INSERT INTO TGROUP VALUES(65,'Michigan chimeras')
ALTER SEQUENCE PUBLIC.HIBERNATE_SEQUENCE RESTART WITH 66
COMMIT
INSERT INTO TGROUP VALUES(66,'Alabama rabbits')
ALTER SEQUENCE PUBLIC.HIBERNATE_SEQUENCE RESTART WITH 67
COMMIT
INSERT INTO TGROUP VALUES(67,'Kansas witches')
ALTER SEQUENCE PUBLIC.HIBERNATE_SEQUENCE RESTART WITH 68
COMMIT
INSERT INTO TGROUP VALUES(68,'Texas tigers')
ALTER SEQUENCE PUBLIC.HIBERNATE_SEQUENCE RESTART WITH 69
COMMIT
INSERT INTO TGROUP VALUES(69,'North Dakota oxen')
ALTER SEQUENCE PUBLIC.HIBERNATE_SEQUENCE RESTART WITH 70
COMMIT
INSERT INTO TGROUP VALUES(70,'Connecticut bees')
ALTER SEQUENCE PUBLIC.HIBERNATE_SEQUENCE RESTART WITH 71
COMMIT
INSERT INTO TGROUP VALUES(71,'Arizona goblins')
ALTER SEQUENCE PUBLIC.HIBERNATE_SEQUENCE RESTART WITH 72
COMMIT
INSERT INTO TGROUP VALUES(72,'West Virginia zebras')
ALTER SEQUENCE PUBLIC.HIBERNATE_SEQUENCE RESTART WITH 73
COMMIT
INSERT INTO TGROUP VALUES(73,'Maryland zebras')
ALTER SEQUENCE PUBLIC.HIBERNATE_SEQUENCE RESTART WITH 74
COMMIT
INSERT INTO TGROUP VALUES(74,'Michigan elves')
ALTER SEQUENCE PUBLIC.HIBERNATE_SEQUENCE RESTART WITH 75
COMMIT
INSERT INTO TGROUP VALUES(75,'Minnesota cattle')
ALTER SEQUENCE PUBLIC.HIBERNATE_SEQUENCE RESTART WITH 76
COMMIT
INSERT INTO TGROUP VALUES(76,'Michigan lions')
ALTER SEQUENCE PUBLIC.HIBERNATE_SEQUENCE RESTART WITH 77
COMMIT
INSERT INTO TGROUP VALUES(77,'Alabama dwarves')
ALTER SEQUENCE PUBLIC.HIBERNATE_SEQUENCE RESTART WITH 78
COMMIT
INSERT INTO TGROUP VALUES(78,'Illinois cats')
ALTER SEQUENCE PUBLIC.HIBERNATE_SEQUENCE RESTART WITH 79
COMMIT
INSERT INTO TGROUP VALUES(79,'Ohio oxen')
ALTER SEQUENCE PUBLIC.HIBERNATE_SEQUENCE RESTART WITH 80
COMMIT
INSERT INTO TGROUP VALUES(80,'Alaska ducks')
ALTER SEQUENCE PUBLIC.HIBERNATE_SEQUENCE RESTART WITH 81
COMMIT
INSERT INTO TGROUP VALUES(81,'Minnesota prophets')
ALTER SEQUENCE PUBLIC.HIBERNATE_SEQUENCE RESTART WITH 82
COMMIT
INSERT INTO TGROUP VALUES(82,'Nebraska elephants')
ALTER SEQUENCE PUBLIC.HIBERNATE_SEQUENCE RESTART WITH 83
COMMIT
INSERT INTO TGROUP VALUES(83,'New Hampshire exorcists')
ALTER SEQUENCE PUBLIC.HIBERNATE_SEQUENCE RESTART WITH 84
COMMIT
INSERT INTO TGROUP VALUES(84,'Wyoming druids')
ALTER SEQUENCE PUBLIC.HIBERNATE_SEQUENCE RESTART WITH 85
COMMIT
INSERT INTO TGROUP VALUES(85,'Missouri sons')
ALTER SEQUENCE PUBLIC.HIBERNATE_SEQUENCE RESTART WITH 86
COMMIT
INSERT INTO TGROUP VALUES(86,'Arizona crows')
ALTER SEQUENCE PUBLIC.HIBERNATE_SEQUENCE RESTART WITH 87
COMMIT
INSERT INTO TGROUP VALUES(87,'North Dakota chickens')
ALTER SEQUENCE PUBLIC.HIBERNATE_SEQUENCE RESTART WITH 88
COMMIT
INSERT INTO TGROUP VALUES(88,'California tigers')
ALTER SEQUENCE PUBLIC.HIBERNATE_SEQUENCE RESTART WITH 89
COMMIT
INSERT INTO TGROUP VALUES(89,'Montana crows')
ALTER SEQUENCE PUBLIC.HIBERNATE_SEQUENCE RESTART WITH 90
COMMIT
INSERT INTO TGROUP VALUES(90,'Mississippi witches')
ALTER SEQUENCE PUBLIC.HIBERNATE_SEQUENCE RESTART WITH 91
COMMIT
INSERT INTO TGROUP VALUES(91,'Georgia enchanters')
ALTER SEQUENCE PUBLIC.HIBERNATE_SEQUENCE RESTART WITH 92
COMMIT
INSERT INTO TGROUP VALUES(92,'Wisconsin druids')
ALTER SEQUENCE PUBLIC.HIBERNATE_SEQUENCE RESTART WITH 93
COMMIT
INSERT INTO TGROUP VALUES(93,'Illinois cattle')
ALTER SEQUENCE PUBLIC.HIBERNATE_SEQUENCE RESTART WITH 94
COMMIT
INSERT INTO TGROUP VALUES(94,'Illinois vampires')
ALTER SEQUENCE PUBLIC.HIBERNATE_SEQUENCE RESTART WITH 95
COMMIT
INSERT INTO TGROUP VALUES(95,'Maryland lycanthropes')
ALTER SEQUENCE PUBLIC.HIBERNATE_SEQUENCE RESTART WITH 96
COMMIT
INSERT INTO TGROUP VALUES(96,'Indiana cattle')
ALTER SEQUENCE PUBLIC.HIBERNATE_SEQUENCE RESTART WITH 97
COMMIT
INSERT INTO TGROUP VALUES(97,'North Dakota zebras')
ALTER SEQUENCE PUBLIC.HIBERNATE_SEQUENCE RESTART WITH 98
COMMIT
INSERT INTO TGROUP VALUES(98,'Massachusetts lycanthropes')
ALTER SEQUENCE PUBLIC.HIBERNATE_SEQUENCE RESTART WITH 99
COMMIT
INSERT INTO TGROUP VALUES(99,'California frogs')
ALTER SEQUENCE PUBLIC.HIBERNATE_SEQUENCE RESTART WITH 100
COMMIT
INSERT INTO TGROUP VALUES(100,'Idaho kangaroos')
ALTER SEQUENCE PUBLIC.HIBERNATE_SEQUENCE RESTART WITH 101
COMMIT
INSERT INTO PERSON VALUES(101,'1995-06-20 00:00:00.000000','test@gmail.com','test','test','testPourTest','',59)
ALTER SEQUENCE PUBLIC.HIBERNATE_SEQUENCE RESTART WITH 102
COMMIT
INSERT INTO PERSON VALUES(102,'1963-02-19 13:34:01.979000','willie.walsh@hotmail.com','Dane','Turcotte','ntyll5kghbgnw','https://schmeler.info.com',30)
ALTER SEQUENCE PUBLIC.HIBERNATE_SEQUENCE RESTART WITH 103
COMMIT
INSERT INTO PERSON VALUES(103,'1998-03-04 20:47:20.520000','sol.towne@hotmail.com','Kellee','Wilderman','41242i3rl7vd','https://okuneva.biz.com',43)
ALTER SEQUENCE PUBLIC.HIBERNATE_SEQUENCE RESTART WITH 104
COMMIT
INSERT INTO PERSON VALUES(104,'1997-03-07 14:05:06.503000','tangela.weber@gmail.com','Willette','Reichert','1omvwvtg7fyz5g','https://kozey.io.com',83)
ALTER SEQUENCE PUBLIC.HIBERNATE_SEQUENCE RESTART WITH 105
COMMIT
INSERT INTO PERSON VALUES(105,'1963-04-10 05:20:22.076000','lawanna.bayer@gmail.com','Lyle','Lehner','jke7ndf6a7','https://wolff.org.com',83)
ALTER SEQUENCE PUBLIC.HIBERNATE_SEQUENCE RESTART WITH 106
COMMIT
INSERT INTO PERSON VALUES(106,'2003-10-25 18:38:47.781000','stephenie.kreiger@yahoo.com','Thaddeus','Huels','9zkuln4ix1','https://sanford.name.com',59)
ALTER SEQUENCE PUBLIC.HIBERNATE_SEQUENCE RESTART WITH 107
COMMIT
INSERT INTO PERSON VALUES(107,'1967-05-11 01:30:33.367000','genia.kris@yahoo.com','Valentine','Farrell','ie9ulwkvguh','https://heller.biz.com',25)
ALTER SEQUENCE PUBLIC.HIBERNATE_SEQUENCE RESTART WITH 108
COMMIT
INSERT INTO PERSON VALUES(108,'1997-11-27 18:36:46.768000','wendie.gerhold@yahoo.com','Rocio','Emard','og1ki6ul','https://schroeder.info.com',75)
ALTER SEQUENCE PUBLIC.HIBERNATE_SEQUENCE RESTART WITH 109
COMMIT
INSERT INTO PERSON VALUES(109,'1984-06-30 10:39:42.738000','osvaldo.schneider@yahoo.com','Jeanelle','Labadie','a6y4u4n2981ep','https://moen.org.com',34)
ALTER SEQUENCE PUBLIC.HIBERNATE_SEQUENCE RESTART WITH 110
COMMIT
INSERT INTO PERSON VALUES(110,'1976-08-22 23:14:54.648000','jessi.schinner@yahoo.com','Alvaro','Schmitt','o066c690tu24mj','https://stamm.net.com',48)
ALTER SEQUENCE PUBLIC.HIBERNATE_SEQUENCE RESTART WITH 111
COMMIT
INSERT INTO PERSON VALUES(111,'1988-08-12 00:38:00.117000','ulrike.altenwerth@yahoo.com','Chong','Beatty','a5zklcz6q0vl','https://breitenberg.info.com',83)
ALTER SEQUENCE PUBLIC.HIBERNATE_SEQUENCE RESTART WITH 112
COMMIT
INSERT INTO PERSON VALUES(112,'1992-09-27 05:34:05.733000','craig.crona@yahoo.com','Kathi','Jenkins','8jts51ei1','https://becker.com.com',97)
ALTER SEQUENCE PUBLIC.HIBERNATE_SEQUENCE RESTART WITH 113
COMMIT
INSERT INTO PERSON VALUES(113,'1988-05-11 22:54:38.438000','donovan.johns@yahoo.com','Curtis','Mueller','7fsw6tto1kjh1','https://nader.name.com',70)
ALTER SEQUENCE PUBLIC.HIBERNATE_SEQUENCE RESTART WITH 114
COMMIT
INSERT INTO PERSON VALUES(114,'1981-02-24 13:39:00.191000','barbie.walter@hotmail.com','Tien','McClure','8alsklhzjh','https://leannon.info.com',16)
ALTER SEQUENCE PUBLIC.HIBERNATE_SEQUENCE RESTART WITH 115
COMMIT
INSERT INTO PERSON VALUES(115,'1961-05-28 07:02:46.810000','sang.yundt@yahoo.com','Dario','Little','ye76lwnmsdvu','https://lebsack.net.com',23)
ALTER SEQUENCE PUBLIC.HIBERNATE_SEQUENCE RESTART WITH 116
COMMIT
INSERT INTO PERSON VALUES(116,'1960-02-02 14:04:26.183000','verdell.hoppe@hotmail.com','Zella','Dickens','zc5pzgddsclfz6','https://runte.org.com',30)
ALTER SEQUENCE PUBLIC.HIBERNATE_SEQUENCE RESTART WITH 117
COMMIT
INSERT INTO PERSON VALUES(117,'1999-04-02 18:16:07.714000','georgianna.borer@hotmail.com','Starla','Ankunding','c1cn7tcs601','https://bernhard.biz.com',65)
ALTER SEQUENCE PUBLIC.HIBERNATE_SEQUENCE RESTART WITH 118
COMMIT
INSERT INTO PERSON VALUES(118,'1978-02-19 17:28:09.297000','rupert.nienow@hotmail.com','Christoper','McClure','yxak78z6p276gcn','https://blick.co.com',85)
ALTER SEQUENCE PUBLIC.HIBERNATE_SEQUENCE RESTART WITH 119
COMMIT
INSERT INTO PERSON VALUES(119,'1985-03-26 15:54:21.276000','garth.greenholt@hotmail.com','Allan','Hoeger','rqnbr32g9','https://hauck.info.com',25)
ALTER SEQUENCE PUBLIC.HIBERNATE_SEQUENCE RESTART WITH 120
COMMIT
INSERT INTO PERSON VALUES(120,'1969-08-26 23:23:37.603000','patricia.bashirian@yahoo.com','Maximo','Fadel','m43gkwsxfohggvq','https://sawayn.org.com',68)
ALTER SEQUENCE PUBLIC.HIBERNATE_SEQUENCE RESTART WITH 121
COMMIT
INSERT INTO PERSON VALUES(121,'1981-07-07 08:44:05.425000','roosevelt.lakin@hotmail.com','Shonda','Muller','adsmg7q6nn3q76z','https://gorczany.com.com',88)
ALTER SEQUENCE PUBLIC.HIBERNATE_SEQUENCE RESTART WITH 122
COMMIT
INSERT INTO PERSON VALUES(122,'1980-01-24 17:18:24.076000','alfredo.beer@gmail.com','Malia','Cronin','evqbcdgcg5','https://waters.biz.com',14)
ALTER SEQUENCE PUBLIC.HIBERNATE_SEQUENCE RESTART WITH 123
COMMIT
INSERT INTO PERSON VALUES(123,'1970-10-21 15:06:56.062000','ronald.kautzer@gmail.com','Anne','Oberbrunner','8ojd2zgex4yj','https://little.name.com',23)
ALTER SEQUENCE PUBLIC.HIBERNATE_SEQUENCE RESTART WITH 124
COMMIT
INSERT INTO PERSON VALUES(124,'1964-06-24 05:56:00.176000','susana.moen@yahoo.com','Robt','Roberts','lryl0evt19hpoxd','https://glover.io.com',77)
ALTER SEQUENCE PUBLIC.HIBERNATE_SEQUENCE RESTART WITH 125
COMMIT
INSERT INTO PERSON VALUES(125,'1998-07-24 22:47:19.900000','hilma.harris@gmail.com','Marvin','Lang','zmdjil4bh3h6k','https://kertzmann.name.com',78)
ALTER SEQUENCE PUBLIC.HIBERNATE_SEQUENCE RESTART WITH 126
COMMIT
INSERT INTO PERSON VALUES(126,'1969-07-02 14:20:11.646000','shayne.lind@hotmail.com','Josette','Stiedemann','luvpmmgrx4xf0','https://okon.com.com',54)
ALTER SEQUENCE PUBLIC.HIBERNATE_SEQUENCE RESTART WITH 127
COMMIT
INSERT INTO PERSON VALUES(127,'1970-10-25 07:07:57.921000','mellissa.abernathy@hotmail.com','Carletta','Cummings','4m3rv3xnbtm55uc','https://balistreri.co.com',87)
ALTER SEQUENCE PUBLIC.HIBERNATE_SEQUENCE RESTART WITH 128
COMMIT
INSERT INTO PERSON VALUES(128,'1984-11-29 16:14:14.503000','reyes.stokes@hotmail.com','Angeles','Mante','ha0ot8h6l1','https://senger.org.com',10)
ALTER SEQUENCE PUBLIC.HIBERNATE_SEQUENCE RESTART WITH 129
COMMIT
INSERT INTO PERSON VALUES(129,'1999-03-23 23:43:59.510000','concetta.hermann@yahoo.com','Jacques','Hessel','kg9r3pcbtvb','https://ward.name.com',89)
ALTER SEQUENCE PUBLIC.HIBERNATE_SEQUENCE RESTART WITH 130
COMMIT
INSERT INTO PERSON VALUES(130,'1960-06-21 16:14:44.092000','sanora.baumbach@gmail.com','Deloris','Leffler','ym2oao1x7y4h','https://ondricka.co.com',93)
ALTER SEQUENCE PUBLIC.HIBERNATE_SEQUENCE RESTART WITH 131
COMMIT
INSERT INTO PERSON VALUES(131,'1991-01-10 01:45:04.276000','loyce.lubowitz@yahoo.com','Luther','Wiza','15c1q8bfh','https://goodwin.com.com',67)
ALTER SEQUENCE PUBLIC.HIBERNATE_SEQUENCE RESTART WITH 132
COMMIT
INSERT INTO PERSON VALUES(132,'1987-02-10 14:58:49.403000','valentine.bruen@yahoo.com','Cleopatra','Von','ljyt7htw','https://runolfsdottir.com.com',74)
ALTER SEQUENCE PUBLIC.HIBERNATE_SEQUENCE RESTART WITH 133
COMMIT
INSERT INTO PERSON VALUES(133,'1998-08-19 11:06:06.282000','alia.bradtke@yahoo.com','Fern','Koch','lffnnv3fhf0','https://gottlieb.net.com',59)
ALTER SEQUENCE PUBLIC.HIBERNATE_SEQUENCE RESTART WITH 134
COMMIT
INSERT INTO PERSON VALUES(134,'1982-12-06 09:13:38.413000','faith.bartoletti@gmail.com','Myles','Morissette','3opgv2wn','https://altenwerth.name.com',46)
ALTER SEQUENCE PUBLIC.HIBERNATE_SEQUENCE RESTART WITH 135
COMMIT
INSERT INTO PERSON VALUES(135,'1988-04-20 22:40:00.454000','danny.rohan@yahoo.com','Abdul','Dickens','cnhmtdlf11frjz','https://waters.name.com',81)
ALTER SEQUENCE PUBLIC.HIBERNATE_SEQUENCE RESTART WITH 136
COMMIT
INSERT INTO PERSON VALUES(136,'2002-03-07 06:34:15.494000','dwain.cummings@hotmail.com','Regenia','Abshire','8j53ffvi6luht3i','https://ebert.com.com',57)
ALTER SEQUENCE PUBLIC.HIBERNATE_SEQUENCE RESTART WITH 137
COMMIT
INSERT INTO PERSON VALUES(137,'1971-06-18 18:50:39.049000','jefferson.hagenes@gmail.com','Odis','Pfeffer','kgqwmh1yuk97akk','https://effertz.co.com',92)
ALTER SEQUENCE PUBLIC.HIBERNATE_SEQUENCE RESTART WITH 138
COMMIT
INSERT INTO PERSON VALUES(138,'1997-06-25 18:40:39.718000','alyson.sporer@yahoo.com','Miriam','Nader','43uennloly','https://lakin.net.com',45)
ALTER SEQUENCE PUBLIC.HIBERNATE_SEQUENCE RESTART WITH 139
COMMIT
INSERT INTO PERSON VALUES(139,'1994-04-05 21:23:12.000000','johnnie.krajcik@hotmail.com','Raymond','Jast','hd5cexhall9c7z','https://labadie.biz.com',62)
ALTER SEQUENCE PUBLIC.HIBERNATE_SEQUENCE RESTART WITH 140
COMMIT
INSERT INTO PERSON VALUES(140,'1978-09-06 21:26:46.736000','santiago.feil@hotmail.com','Wilber','Boyle','exq4vftxcv2','https://fisher.biz.com',50)
ALTER SEQUENCE PUBLIC.HIBERNATE_SEQUENCE RESTART WITH 141
COMMIT
INSERT INTO PERSON VALUES(141,'1958-03-11 03:47:45.188000','salvatore.swaniawski@gmail.com','Teresia','Willms','u7qwmbjzs','https://kertzmann.biz.com',62)
ALTER SEQUENCE PUBLIC.HIBERNATE_SEQUENCE RESTART WITH 142
COMMIT
INSERT INTO PERSON VALUES(142,'1992-04-14 03:32:49.528000','val.champlin@hotmail.com','Bok','Abshire','uxob2ots','https://ondricka.com.com',73)
ALTER SEQUENCE PUBLIC.HIBERNATE_SEQUENCE RESTART WITH 143
COMMIT
INSERT INTO PERSON VALUES(143,'1997-01-19 13:20:37.539000','roberto.adams@gmail.com','Anglea','Nitzsche','f5dhq47mu5gt0','https://durgan.co.com',29)
ALTER SEQUENCE PUBLIC.HIBERNATE_SEQUENCE RESTART WITH 144
COMMIT
INSERT INTO PERSON VALUES(144,'1969-06-09 11:11:28.826000','dudley.grant@gmail.com','Eulalia','Thompson','b6fc9x1nn','https://okuneva.biz.com',71)
ALTER SEQUENCE PUBLIC.HIBERNATE_SEQUENCE RESTART WITH 145
COMMIT
INSERT INTO PERSON VALUES(145,'1959-03-12 23:29:56.305000','brain.stroman@yahoo.com','Leland','Herzog','2x3kmm7wc3','https://moore.net.com',64)
ALTER SEQUENCE PUBLIC.HIBERNATE_SEQUENCE RESTART WITH 146
COMMIT
INSERT INTO PERSON VALUES(146,'1962-02-16 05:25:39.618000','reinaldo.walker@gmail.com','Billy','Hane','1skmfgyb3jq721','https://fahey.org.com',67)
ALTER SEQUENCE PUBLIC.HIBERNATE_SEQUENCE RESTART WITH 147
COMMIT
INSERT INTO PERSON VALUES(147,'1993-03-16 13:55:45.821000','damion.cruickshank@gmail.com','Sunday','Dibbert','ifpekl5xw','https://rath.net.com',26)
ALTER SEQUENCE PUBLIC.HIBERNATE_SEQUENCE RESTART WITH 148
COMMIT
INSERT INTO PERSON VALUES(148,'1978-09-16 07:21:34.297000','laverne.schmeler@yahoo.com','Liana','Will','ekoxcjmhmxmfws','https://rogahn.name.com',46)
ALTER SEQUENCE PUBLIC.HIBERNATE_SEQUENCE RESTART WITH 149
COMMIT
INSERT INTO PERSON VALUES(149,'1964-04-25 22:37:33.993000','pat.pfeffer@gmail.com','Lacey','Wolf','osabxprxg','https://kuhic.net.com',83)
ALTER SEQUENCE PUBLIC.HIBERNATE_SEQUENCE RESTART WITH 150
COMMIT
INSERT INTO PERSON VALUES(150,'1980-11-18 01:50:27.161000','cora.spinka@hotmail.com','Rosina','Mills','z0xf0eama3w6bb','https://morar.io.com',21)
ALTER SEQUENCE PUBLIC.HIBERNATE_SEQUENCE RESTART WITH 151
COMMIT
INSERT INTO PERSON VALUES(151,'1977-01-03 23:41:08.352000','regine.flatley@gmail.com','Jon','Beahan','9ixvm5y18r4yr7j','https://rempel.io.com',76)
ALTER SEQUENCE PUBLIC.HIBERNATE_SEQUENCE RESTART WITH 152
COMMIT
INSERT INTO USER VALUES('test@gmail.com','$2a$10$InGg4Rf0E1.aGiD0nSKa3ePXMIVbEd0iRRmsMSYNKX8IXRIOs5GD6')
INSERT INTO USER_ROLES VALUES('test@gmail.com','USER')
COMMIT
INSERT INTO USER VALUES('willie.walsh@hotmail.com','$2a$10$nlOg9NhHvJyDwJqQ/qE3muJbEM58q0nadBSY8K5fe9P0tmq1WpMIi')
INSERT INTO USER_ROLES VALUES('willie.walsh@hotmail.com','USER')
COMMIT
INSERT INTO USER VALUES('sol.towne@hotmail.com','$2a$10$spiAGUI3cgYSD6TO9KZbPeFkTtAPD7wl7xKPBRDIG8wHVtFWuPLVa')
INSERT INTO USER_ROLES VALUES('sol.towne@hotmail.com','USER')
COMMIT
INSERT INTO USER VALUES('tangela.weber@gmail.com','$2a$10$UQY7s8tMjMyMtw1GlRonLeLtAFY.i/Gy9Yn8Z//mq80o7kg9KGwy6')
INSERT INTO USER_ROLES VALUES('tangela.weber@gmail.com','USER')
COMMIT
INSERT INTO USER VALUES('lawanna.bayer@gmail.com','$2a$10$K0ljhdXXJ0hDSZ7MuhqVWOI44hCQE3t4uZTpIksn.Y9GQCc1vukUe')
INSERT INTO USER_ROLES VALUES('lawanna.bayer@gmail.com','USER')
COMMIT
INSERT INTO USER VALUES('stephenie.kreiger@yahoo.com','$2a$10$aJzldjx6db7koYh/DEoCEujbn7dfyz/KjIH1gaALgqON77rm1EB/y')
INSERT INTO USER_ROLES VALUES('stephenie.kreiger@yahoo.com','USER')
COMMIT
INSERT INTO USER VALUES('genia.kris@yahoo.com','$2a$10$BoEHcoDu3zeSO8gzVXaxlOUvgy9FtgsZEf01c6d4NvvWvdGu3WDkK')
INSERT INTO USER_ROLES VALUES('genia.kris@yahoo.com','USER')
COMMIT
INSERT INTO USER VALUES('wendie.gerhold@yahoo.com','$2a$10$tW6uUEV.6SYvCd14EdUOlerKe14ZasDGwWo8.boX/2Rd2SyhdnrNy')
INSERT INTO USER_ROLES VALUES('wendie.gerhold@yahoo.com','USER')
COMMIT
INSERT INTO USER VALUES('osvaldo.schneider@yahoo.com','$2a$10$e.DVzDErZa7KlD.Web/Z.O5l3d6m4ZpLWqTY9ai.0SLneUtezXuR6')
INSERT INTO USER_ROLES VALUES('osvaldo.schneider@yahoo.com','USER')
COMMIT
INSERT INTO USER VALUES('jessi.schinner@yahoo.com','$2a$10$IBykpTSlMFDIDEAjj5luvO2Wk8mR/LKzAT9D4itGzNfG6mjhKTyRC')
INSERT INTO USER_ROLES VALUES('jessi.schinner@yahoo.com','USER')
COMMIT
INSERT INTO USER VALUES('ulrike.altenwerth@yahoo.com','$2a$10$4nM//haq.Zm91lFLbB7UfOL2sDuVU4P7M3sKAXiPgpyStIeCfrbIC')
INSERT INTO USER_ROLES VALUES('ulrike.altenwerth@yahoo.com','USER')
COMMIT
INSERT INTO USER VALUES('craig.crona@yahoo.com','$2a$10$D6LL43RK1aHTzlUKgeAbF.YKOOjRcO7gkWZVNS0cOxeqGFzc1Apha')
INSERT INTO USER_ROLES VALUES('craig.crona@yahoo.com','USER')
COMMIT
INSERT INTO USER VALUES('donovan.johns@yahoo.com','$2a$10$J6ctCHvEGQKLFFTozWJcA.0KvXZbuqWlmciL3.ly3A9FRwYKD99ZC')
INSERT INTO USER_ROLES VALUES('donovan.johns@yahoo.com','USER')
COMMIT
INSERT INTO USER VALUES('barbie.walter@hotmail.com','$2a$10$E0JZO4RG/Urn.6JoX.i0ZuDEL03/D1SASS.1j4DFd7uXJLnKEpbbW')
INSERT INTO USER_ROLES VALUES('barbie.walter@hotmail.com','USER')
COMMIT
INSERT INTO USER VALUES('sang.yundt@yahoo.com','$2a$10$HfJ7XIDMCt.dJ96Cj70DtuXP58FiAXp.rp/19J2zEokKNVABeHzCe')
INSERT INTO USER_ROLES VALUES('sang.yundt@yahoo.com','USER')
COMMIT
INSERT INTO USER VALUES('verdell.hoppe@hotmail.com','$2a$10$.BN5RLzzJl18pZ5AiAUIHOVAcjSAnGuKDn8mYX.b9YDsfV6EKqLOq')
INSERT INTO USER_ROLES VALUES('verdell.hoppe@hotmail.com','USER')
COMMIT
INSERT INTO USER VALUES('georgianna.borer@hotmail.com','$2a$10$H43eFss2bNhrvM3rw1.zgOYqREB1RJk/nGMTgGevpwR3bzefSQiYa')
INSERT INTO USER_ROLES VALUES('georgianna.borer@hotmail.com','USER')
COMMIT
INSERT INTO USER VALUES('rupert.nienow@hotmail.com','$2a$10$vyojwYd49DRC/rAD81gCS.PvQx/c7wNh19fgQddXwwVDKLZurNr8C')
INSERT INTO USER_ROLES VALUES('rupert.nienow@hotmail.com','USER')
COMMIT
INSERT INTO USER VALUES('garth.greenholt@hotmail.com','$2a$10$JAwJulsHGcnldkYsc4cuUuXUbIqDeUmvn8EtBuwYpQ.VpK6ZkFPwm')
INSERT INTO USER_ROLES VALUES('garth.greenholt@hotmail.com','USER')
COMMIT
INSERT INTO USER VALUES('patricia.bashirian@yahoo.com','$2a$10$ZcK9qKjeNmjFyrmVkmugCuHbZV40KU9sQFXI80RkTRBQ2IryKMkQW')
INSERT INTO USER_ROLES VALUES('patricia.bashirian@yahoo.com','USER')
COMMIT
INSERT INTO USER VALUES('roosevelt.lakin@hotmail.com','$2a$10$YX7Twvf4LA1QluZfxM7eb.a6HjqhLH6xVVuS5ucOEJ4cSdk2Rbzym')
INSERT INTO USER_ROLES VALUES('roosevelt.lakin@hotmail.com','USER')
COMMIT
INSERT INTO USER VALUES('alfredo.beer@gmail.com','$2a$10$JSxCW1wUKGBMRFx6M.RJk..UCBTXid3MyxnfzjtSoBec/CA70BYjG')
INSERT INTO USER_ROLES VALUES('alfredo.beer@gmail.com','USER')
COMMIT
INSERT INTO USER VALUES('ronald.kautzer@gmail.com','$2a$10$eHFa.xTekIf8gHqfVyRcV.afeacLB54birDZX7XhXXaSwbgMLmpWW')
INSERT INTO USER_ROLES VALUES('ronald.kautzer@gmail.com','USER')
COMMIT
INSERT INTO USER VALUES('susana.moen@yahoo.com','$2a$10$Va8cjtZcIaRBGg7RzOSsyOYnCap3XLq/uv/hGMPhK.pgDlDtIq.Pq')
INSERT INTO USER_ROLES VALUES('susana.moen@yahoo.com','USER')
COMMIT
INSERT INTO USER VALUES('hilma.harris@gmail.com','$2a$10$xUIj/urZkyh5bcHsLYEnZOpHjUokGAruM2j1BwwWAu.BzVvlhhsha')
INSERT INTO USER_ROLES VALUES('hilma.harris@gmail.com','USER')
COMMIT
INSERT INTO USER VALUES('shayne.lind@hotmail.com','$2a$10$qDQ6j4YGik3yBDsGRnu9f.ICYQotIqx1/4C68j34hHBYguUiZ4Q92')
INSERT INTO USER_ROLES VALUES('shayne.lind@hotmail.com','USER')
COMMIT
INSERT INTO USER VALUES('mellissa.abernathy@hotmail.com','$2a$10$oQIGfldEyLt6ji1nhlznIOqIkR/REXezuyhxrDycAncAZpmWLMoom')
INSERT INTO USER_ROLES VALUES('mellissa.abernathy@hotmail.com','USER')
COMMIT
INSERT INTO USER VALUES('reyes.stokes@hotmail.com','$2a$10$f0DlhpI/KSngnCIiGUIvjO8UoKWLZIT0VpZLcPF9qgSFEFdHKVpXS')
INSERT INTO USER_ROLES VALUES('reyes.stokes@hotmail.com','USER')
COMMIT
INSERT INTO USER VALUES('concetta.hermann@yahoo.com','$2a$10$fgrjlCUBi2L9a5cE3e4Fz.nkOgOxvTzeMeg4YipiJhO5050w5zrV6')
INSERT INTO USER_ROLES VALUES('concetta.hermann@yahoo.com','USER')
COMMIT
INSERT INTO USER VALUES('sanora.baumbach@gmail.com','$2a$10$AgcyIekVXqSiNsXw.gqPHuG1vj6Dhh6FaetK3w/xUM8.6Vb1si55y')
INSERT INTO USER_ROLES VALUES('sanora.baumbach@gmail.com','USER')
COMMIT
INSERT INTO USER VALUES('loyce.lubowitz@yahoo.com','$2a$10$rm5mQm38e7yPC0J0FPmyO.lQNbqi1QYeCxEuvWv5bbywroNZzfT.u')
INSERT INTO USER_ROLES VALUES('loyce.lubowitz@yahoo.com','USER')
COMMIT
INSERT INTO USER VALUES('valentine.bruen@yahoo.com','$2a$10$6BQEB1JY2g3kCJIfwAEK0OlacHFyO5OLGcuYHlQOooiU76wsYNrBm')
INSERT INTO USER_ROLES VALUES('valentine.bruen@yahoo.com','USER')
COMMIT
INSERT INTO USER VALUES('alia.bradtke@yahoo.com','$2a$10$7IaE7J0WdJdhm3rR5gdvdOM2bk4IkZEfFftjKpmK3.Tb7Im4fwNsC')
INSERT INTO USER_ROLES VALUES('alia.bradtke@yahoo.com','USER')
COMMIT
INSERT INTO USER VALUES('faith.bartoletti@gmail.com','$2a$10$1VrifMKyib42EWoq1AW6IucP2QF/1mT6Q6PrY3F3LjrrfV6.UQpAC')
INSERT INTO USER_ROLES VALUES('faith.bartoletti@gmail.com','USER')
COMMIT
INSERT INTO USER VALUES('danny.rohan@yahoo.com','$2a$10$H1GkxDt8WQKte5fkkmKVd.1Ed51FcXyTcpPabFb1HhmrF0rkVUZDq')
INSERT INTO USER_ROLES VALUES('danny.rohan@yahoo.com','USER')
COMMIT
INSERT INTO USER VALUES('dwain.cummings@hotmail.com','$2a$10$s1GYViOTSf8WjKF3qzAV2OTtmPlUZJrEkysv2kulbWBZvHTckZlTO')
INSERT INTO USER_ROLES VALUES('dwain.cummings@hotmail.com','USER')
COMMIT
INSERT INTO USER VALUES('jefferson.hagenes@gmail.com','$2a$10$dFFXroK1m9Xxmz1ZH3bzHuFgiJNRYfvINvn9NQVsY2btS3J088Xri')
INSERT INTO USER_ROLES VALUES('jefferson.hagenes@gmail.com','USER')
COMMIT
INSERT INTO USER VALUES('alyson.sporer@yahoo.com','$2a$10$gx7Wha.NGF9jg81R/7S4S.T1oq8Heicm0SeQ6uGs2W7Cx2sNYGyza')
INSERT INTO USER_ROLES VALUES('alyson.sporer@yahoo.com','USER')
COMMIT
INSERT INTO USER VALUES('johnnie.krajcik@hotmail.com','$2a$10$6S1ZTNy493mAmWBcX.DS7eqnUgs8rVl.QgyJtMyWo75YC03Q77iS2')
INSERT INTO USER_ROLES VALUES('johnnie.krajcik@hotmail.com','USER')
COMMIT
INSERT INTO USER VALUES('santiago.feil@hotmail.com','$2a$10$9OqDi8AktiL9wNKuF3JPc.NPcvo5Y5mh6wLvUn1XhCGGnf6aI.kMO')
INSERT INTO USER_ROLES VALUES('santiago.feil@hotmail.com','USER')
COMMIT
INSERT INTO USER VALUES('salvatore.swaniawski@gmail.com','$2a$10$eIlj6aH3namcqmM7NeHE8uUm7NmW3Oo/h4gQzel45Q.g2mhP75lny')
INSERT INTO USER_ROLES VALUES('salvatore.swaniawski@gmail.com','USER')
COMMIT
INSERT INTO USER VALUES('val.champlin@hotmail.com','$2a$10$LDFphfhR9D0fLTpZuOtyLuXQ1kFAseCp8LOT1k56WklwiX/Ca3VGq')
INSERT INTO USER_ROLES VALUES('val.champlin@hotmail.com','USER')
COMMIT
INSERT INTO USER VALUES('roberto.adams@gmail.com','$2a$10$bBp6PRc7wXisKhi6S66SQeXJ1NQaLa9vBcDuPcWjiXgGjlve8KtMm')
INSERT INTO USER_ROLES VALUES('roberto.adams@gmail.com','USER')
COMMIT
INSERT INTO USER VALUES('dudley.grant@gmail.com','$2a$10$V9fHo/bt1EQbnr1zkBOaNer38lFPizDzgBgX9VIwWCXdFq5S5sJf6')
INSERT INTO USER_ROLES VALUES('dudley.grant@gmail.com','USER')
COMMIT
INSERT INTO USER VALUES('brain.stroman@yahoo.com','$2a$10$bjU6WiW7nDK82WhBqaBu1uWGDouePWORinwgOVt7POm9vPbE.r8TG')
INSERT INTO USER_ROLES VALUES('brain.stroman@yahoo.com','USER')
COMMIT
INSERT INTO USER VALUES('reinaldo.walker@gmail.com','$2a$10$uGBDaDKtRhuqVK03vKVslOmjrV.TEMWwQ505Ls.k.MIoVTfwF7ABa')
INSERT INTO USER_ROLES VALUES('reinaldo.walker@gmail.com','USER')
COMMIT
INSERT INTO USER VALUES('damion.cruickshank@gmail.com','$2a$10$/RwVhVLixJyqu9/thUNdXu3TgYjgUnNA.tvf.zGHCUph2Rc4NzSsC')
INSERT INTO USER_ROLES VALUES('damion.cruickshank@gmail.com','USER')
COMMIT
INSERT INTO USER VALUES('laverne.schmeler@yahoo.com','$2a$10$.PvGvYdxjTYiJWzLaUehZ.wL2NzlR/SGo1V6ess9S1AvtlHg.meru')
INSERT INTO USER_ROLES VALUES('laverne.schmeler@yahoo.com','USER')
COMMIT
INSERT INTO USER VALUES('pat.pfeffer@gmail.com','$2a$10$a8T/t5Pma2vmvidtEe.iJ.l0grVTVcw5t4S3i0D/7rixrqsva81MS')
INSERT INTO USER_ROLES VALUES('pat.pfeffer@gmail.com','USER')
COMMIT
INSERT INTO USER VALUES('cora.spinka@hotmail.com','$2a$10$ECO8VwzenIGFOnDsAnYXLuOB1wBLTNRWS3IDQHZRgik8UdQ//yB6.')
INSERT INTO USER_ROLES VALUES('cora.spinka@hotmail.com','USER')
COMMIT
INSERT INTO USER VALUES('regine.flatley@gmail.com','$2a$10$cCB/iW934pCrkrs6v4wM..kMKbCeM7aOfmfAEuC5rmZyhTnWbKJI.')
INSERT INTO USER_ROLES VALUES('regine.flatley@gmail.com','USER')
COMMIT
INSERT INTO USER VALUES('admin','$2a$10$5BbSAInBPXXeErsGU6U3lei0/xG29jDe.uobcXZv1ZT83/pVVLYr2')
INSERT INTO USER_ROLES VALUES('admin','USER')
INSERT INTO USER_ROLES VALUES('admin','ADMIN')
COMMIT
INSERT INTO TGROUP VALUES(152,'Groupe 1')
ALTER SEQUENCE PUBLIC.HIBERNATE_SEQUENCE RESTART WITH 153
COMMIT
INSERT INTO PERSON VALUES(153,'1990-03-25 00:00:00.000000','valentine.tirroir@etu.univ-amu.fr','Valentine','Tirroir','valentine123','https://www.sitewebvalentine.com',152)
ALTER SEQUENCE PUBLIC.HIBERNATE_SEQUENCE RESTART WITH 154
COMMIT
INSERT INTO TGROUP VALUES(154,'Groupe 2')
ALTER SEQUENCE PUBLIC.HIBERNATE_SEQUENCE RESTART WITH 155
COMMIT
INSERT INTO PERSON VALUES(155,'1970-12-12 00:00:00.000000','thierry.bourdon@hotmail.fr','Thierry','Bourdon','bourdon765',NULL,154)
ALTER SEQUENCE PUBLIC.HIBERNATE_SEQUENCE RESTART WITH 156
COMMIT
INSERT INTO TGROUP VALUES(156,'Groupe 3')
ALTER SEQUENCE PUBLIC.HIBERNATE_SEQUENCE RESTART WITH 157
COMMIT
INSERT INTO PERSON VALUES(157,'1973-04-28 00:00:00.000000','toto.tata@hotmail.fr','toto','Tata','toto984298',NULL,156)
ALTER SEQUENCE PUBLIC.HIBERNATE_SEQUENCE RESTART WITH 158
COMMIT
INSERT INTO PERSON VALUES(158,'1973-04-28 00:00:00.000000','titi.tata@hotmail.fr','titi','Tata','titi478473',NULL,156)
ALTER SEQUENCE PUBLIC.HIBERNATE_SEQUENCE RESTART WITH 159
COMMIT
DELETE FROM PERSON WHERE ID=155
INSERT INTO PERSON VALUES(155,'1970-12-12 00:00:00.000000','thierry.bourdon@hotmail.fr','Thierry','Bourdon','bourdon765',NULL,152)
COMMIT
drop table if exists person CASCADE 
drop table if exists tgroup CASCADE 
drop table if exists user CASCADE 
drop table if exists user_roles CASCADE 
drop sequence hibernate_sequence if exists
DISCONNECT
/*C13*/SET SCHEMA PUBLIC
DISCONNECT
/*C14*/SET SCHEMA PUBLIC
DISCONNECT
/*C15*/SET SCHEMA PUBLIC
DISCONNECT
/*C16*/SET SCHEMA PUBLIC
DISCONNECT
/*C17*/SET SCHEMA PUBLIC
DISCONNECT
/*C18*/SET SCHEMA PUBLIC
DISCONNECT
/*C19*/SET SCHEMA PUBLIC
DISCONNECT
/*C20*/SET SCHEMA PUBLIC
DISCONNECT
/*C21*/SET SCHEMA PUBLIC
DISCONNECT
